  GLTexture.cpp
E:\GUC\Projects\Graphics 2\GLTexture.cpp(61,16): warning C4996: '_strlwr': This function or variable may be unsafe. Consider using _strlwr_s instead. To disable deprecation, use _CRT_SECURE_NO_WARNINGS. See online help for details.
E:\GUC\Projects\Graphics 2\GLTexture.cpp(65,17): warning C4996: 'strtok': This function or variable may be unsafe. Consider using strtok_s instead. To disable deprecation, use _CRT_SECURE_NO_WARNINGS. See online help for details.
E:\GUC\Projects\Graphics 2\GLTexture.cpp(77,16): warning C4996: '_strlwr': This function or variable may be unsafe. Consider using _strlwr_s instead. To disable deprecation, use _CRT_SECURE_NO_WARNINGS. See online help for details.
E:\GUC\Projects\Graphics 2\GLTexture.cpp(146,15): warning C4996: 'fopen': This function or variable may be unsafe. Consider using fopen_s instead. To disable deprecation, use _CRT_SECURE_NO_WARNINGS. See online help for details.
  Model_3DS.cpp
  E:\GUC\Projects\Graphics 2\Model_3DS.cpp(78) : You need to uncomment this if you are using MFC
E:\GUC\Projects\Graphics 2\Model_3DS.cpp(182,10): warning C4996: 'strtok': This function or variable may be unsafe. Consider using strtok_s instead. To disable deprecation, use _CRT_SECURE_NO_WARNINGS. See online help for details.
E:\GUC\Projects\Graphics 2\Model_3DS.cpp(212,11): warning C4996: 'fopen': This function or variable may be unsafe. Consider using fopen_s instead. To disable deprecation, use _CRT_SECURE_NO_WARNINGS. See online help for details.
E:\GUC\Projects\Graphics 2\Model_3DS.cpp(770,2): warning C4996: 'sprintf': This function or variable may be unsafe. Consider using sprintf_s instead. To disable deprecation, use _CRT_SECURE_NO_WARNINGS. See online help for details.
  OpenGLMeshLoader19.cpp
E:\GUC\Projects\Graphics 2\TextureBuilder.h(27,52): warning C4244: 'argument': conversion from 'int' to 'GLfloat', possible loss of data
E:\GUC\Projects\Graphics 2\TextureBuilder.h(28,52): warning C4244: 'argument': conversion from 'int' to 'GLfloat', possible loss of data
E:\GUC\Projects\Graphics 2\OpenGLMeshLoader19.cpp(631,55): warning C4805: '==': unsafe mix of type 'boolean' and type 'bool' in operation
E:\GUC\Projects\Graphics 2\OpenGLMeshLoader19.cpp(634,56): warning C4805: '==': unsafe mix of type 'boolean' and type 'bool' in operation
E:\GUC\Projects\Graphics 2\OpenGLMeshLoader19.cpp(637,3): warning C4996: 'sprintf': This function or variable may be unsafe. Consider using sprintf_s instead. To disable deprecation, use _CRT_SECURE_NO_WARNINGS. See online help for details.
E:\GUC\Projects\Graphics 2\OpenGLMeshLoader19.cpp(865,55): warning C4805: '==': unsafe mix of type 'boolean' and type 'bool' in operation
E:\GUC\Projects\Graphics 2\OpenGLMeshLoader19.cpp(869,56): warning C4805: '==': unsafe mix of type 'boolean' and type 'bool' in operation
E:\GUC\Projects\Graphics 2\OpenGLMeshLoader19.cpp(872,3): warning C4996: 'sprintf': This function or variable may be unsafe. Consider using sprintf_s instead. To disable deprecation, use _CRT_SECURE_NO_WARNINGS. See online help for details.
  Generating Code...
GLTexture.obj : warning LNK4075: ignoring '/EDITANDCONTINUE' due to '/INCREMENTAL:NO' specification
  OpenGLMeshLoader.vcxproj -> E:\GUC\Projects\Graphics 2\Debug\OpenGLMeshLoader19.exe
