d:\computer_graphics\winter 19\graphics_summer2018-20190907t080242z-001\graphics_summer2018\labs\lab_07\lab 7\lab 7\openglmeshloader19 - sky\debug\vc142.pdb
d:\computer_graphics\winter 19\graphics_summer2018-20190907t080242z-001\graphics_summer2018\labs\lab_07\lab 7\lab 7\openglmeshloader19 - sky\debug\vc142.idb
d:\computer_graphics\winter 19\graphics_summer2018-20190907t080242z-001\graphics_summer2018\labs\lab_07\lab 7\lab 7\openglmeshloader19 - sky\debug\openglmeshloader19.obj
d:\computer_graphics\winter 19\graphics_summer2018-20190907t080242z-001\graphics_summer2018\labs\lab_07\lab 7\lab 7\openglmeshloader19 - sky\debug\model_3ds.obj
d:\computer_graphics\winter 19\graphics_summer2018-20190907t080242z-001\graphics_summer2018\labs\lab_07\lab 7\lab 7\openglmeshloader19 - sky\debug\gltexture.obj
e:\openglmeshloader19 - sky\debug\vc143.pdb
e:\openglmeshloader19 - sky\debug\vc143.idb
e:\openglmeshloader19 - sky\debug\openglmeshloader19.obj
e:\openglmeshloader19 - sky\debug\model_3ds.obj
e:\openglmeshloader19 - sky\debug\gltexture.obj
d:\computer_graphics\winter 19\graphics_summer2018-20190907t080242z-001\graphics_summer2018\labs\lab_07\lab 7\lab 7\openglmeshloader19 - sky\debug\openglmeshloader19.exe
d:\computer_graphics\winter 19\graphics_summer2018-20190907t080242z-001\graphics_summer2018\labs\lab_07\lab 7\lab 7\openglmeshloader19 - sky\debug\openglmeshloader19.pdb
e:\openglmeshloader19 - sky\debug\openglmeshloader19.exe
e:\openglmeshloader19 - sky\debug\openglmeshloader19.pdb
e:\openglmeshloader19 - sky\debug\vc142.idb
e:\openglmeshloader19 - sky\debug\vc142.pdb
e:\openglmeshloader19 - sky\debug\openglme.2ee1f2c2.tlog\cl.command.1.tlog
e:\openglmeshloader19 - sky\debug\openglme.2ee1f2c2.tlog\cl.read.1.tlog
e:\openglmeshloader19 - sky\debug\openglme.2ee1f2c2.tlog\cl.write.1.tlog
e:\openglmeshloader19 - sky\debug\openglme.2ee1f2c2.tlog\link.command.1.tlog
e:\openglmeshloader19 - sky\debug\openglme.2ee1f2c2.tlog\link.read.1.tlog
e:\openglmeshloader19 - sky\debug\openglme.2ee1f2c2.tlog\link.write.1.tlog
